<?xml version="1.0" encoding="UTF-8"?>
<!-- Generated by org.testng.reporters.JUnitReportReporter -->
<testsuite hostname="admin-PC" failures="0" tests="1" name="e_commerce_Test.Test1" time="61.009" errors="0" timestamp="2022-12-22T14:13:36 IST" skipped="0">
  <testcase classname="e_commerce_Test.Test1" name="lounch" time="61.009"/>
  <system-out/>
</testsuite> <!-- e_commerce_Test.Test1 -->
