<?xml version="1.0" encoding="UTF-8"?>
<!-- Generated by org.testng.reporters.JUnitReportReporter -->
<testsuite hostname="admin-PC" failures="0" tests="1" name="e_commerce_Test.NewTest" time="0.028" errors="1" timestamp="2022-12-22T13:28:01 IST" skipped="0">
  <testcase classname="e_commerce_Test.NewTest" name="launchBrowser" time="0.028">
    <error type="java.lang.StackOverflowError">
      <![CDATA[java.lang.StackOverflowError
at e_commerce_Test.NewTest.launchBrowser(NewTest.java:12)
at e_commerce_Test.NewTest.launchBrowser(NewTest.java:12)
at e_commerce_Test.NewTest.launchBrowser(NewTest.java:12)
at e_commerce_Test.NewTest.launchBrowser(NewTest.java:12)
at e_commerce_Test.NewTest.launchBrowser(NewTest.java:12)
at e_commerce_Test.NewTest.launchBrowser(NewTest.java:12)
at e_commerce_Test.NewTest.launchBrowser(NewTest.java:12)
at e_commerce_Test.NewTest.launchBrowser(NewTest.java:12)
at e_commerce_Test.NewTest.launchBrowser(NewTest.java:12)
at e_commerce_Test.NewTest.launchBrowser(NewTest.java:12)
at e_commerce_Test.NewTest.launchBrowser(NewTest.java:12)
at e_commerce_Test.NewTest.launchBrowser(NewTest.java:12)
at e_commerce_Test.NewTest.launchBrowser(NewTest.java:12)
at e_commerce_Test.NewTest.launchBrowser(NewTest.java:12)
at e_commerce_Test.NewTest.launchBrowser(NewTest.java:12)
at e_commerce_Test.NewTest.launchBrowser(NewTest.java:12)
at e_commerce_Test.NewTest.launchBrowser(NewTest.java:12)
at e_commerce_Test.NewTest.launchBrowser(NewTest.java:12)
at e_commerce_Test.NewTest.launchBrowser(NewTest.java:12)
at e_commerce_Test.NewTest.launchBrowser(NewTest.java:12)
at e_commerce_Test.NewTest.launchBrowser(NewTest.java:12)
at e_commerce_Test.NewTest.launchBrowser(NewTest.java:12)
at e_commerce_Test.NewTest.launchBrowser(NewTest.java:12)
at e_commerce_Test.NewTest.launchBrowser(NewTest.java:12)
at e_commerce_Test.NewTest.launchBrowser(NewTest.java:12)
at e_commerce_Test.NewTest.launchBrowser(NewTest.java:12)
at e_commerce_Test.NewTest.launchBrowser(NewTest.java:12)
at e_commerce_Test.NewTest.launchBrowser(NewTest.java:12)
at e_commerce_Test.NewTest.launchBrowser(NewTest.java:12)
at e_commerce_Test.NewTest.launchBrowser(NewTest.java:12)
at e_commerce_Test.NewTest.launchBrowser(NewTest.java:12)
at e_commerce_Test.NewTest.launchBrowser(NewTest.java:12)
at e_commerce_Test.NewTest.launchBrowser(NewTest.java:12)
at e_commerce_Test.NewTest.launchBrowser(NewTest.java:12)
at e_commerce_Test.NewTest.launchBrowser(NewTest.java:12)
at e_commerce_Test.NewTest.launchBrowser(NewTest.java:12)
at e_commerce_Test.NewTest.launchBrowser(NewTest.java:12)
at e_commerce_Test.NewTest.launchBrowser(NewTest.java:12)
at e_commerce_Test.NewTest.launchBrowser(NewTest.java:12)
at e_commerce_Test.NewTest.launchBrowser(NewTest.java:12)
at e_commerce_Test.NewTest.launchBrowser(NewTest.java:12)
at e_commerce_Test.NewTest.launchBrowser(NewTest.java:12)
at e_commerce_Test.NewTest.launchBrowser(NewTest.java:12)
at e_commerce_Test.NewTest.launchBrowser(NewTest.java:12)
at e_commerce_Test.NewTest.launchBrowser(NewTest.java:12)
at e_commerce_Test.NewTest.launchBrowser(NewTest.java:12)
at e_commerce_Test.NewTest.launchBrowser(NewTest.java:12)
at e_commerce_Test.NewTest.launchBrowser(NewTest.java:12)
at e_commerce_Test.NewTest.launchBrowser(NewTest.java:12)
at e_commerce_Test.NewTest.launchBrowser(NewTest.java:12)
at e_commerce_Test.NewTest.launchBrowser(NewTest.java:12)
at e_commerce_Test.NewTest.launchBrowser(NewTest.java:12)
at e_commerce_Test.NewTest.launchBrowser(NewTest.java:12)
at e_commerce_Test.NewTest.launchBrowser(NewTest.java:12)
at e_commerce_Test.NewTest.launchBrowser(NewTest.java:12)
at e_commerce_Test.NewTest.launchBrowser(NewTest.java:12)
at e_commerce_Test.NewTest.launchBrowser(NewTest.java:12)
at e_commerce_Test.NewTest.launchBrowser(NewTest.java:12)
at e_commerce_Test.NewTest.launchBrowser(NewTest.java:12)
at e_commerce_Test.NewTest.launchBrowser(NewTest.java:12)
at e_commerce_Test.NewTest.launchBrowser(NewTest.java:12)
at e_commerce_Test.NewTest.launchBrowser(NewTest.java:12)
at e_commerce_Test.NewTest.launchBrowser(NewTest.java:12)
at e_commerce_Test.NewTest.launchBrowser(NewTest.java:12)
at e_commerce_Test.NewTest.launchBrowser(NewTest.java:12)
at e_commerce_Test.NewTest.launchBrowser(NewTest.java:12)
at e_commerce_Test.NewTest.launchBrowser(NewTest.java:12)
at e_commerce_Test.NewTest.launchBrowser(NewTest.java:12)
at e_commerce_Test.NewTest.launchBrowser(NewTest.java:12)
at e_commerce_Test.NewTest.launchBrowser(NewTest.java:12)
at e_commerce_Test.NewTest.launchBrowser(NewTest.java:12)
at e_commerce_Test.NewTest.launchBrowser(NewTest.java:12)
at e_commerce_Test.NewTest.launchBrowser(NewTest.java:12)
at e_commerce_Test.NewTest.launchBrowser(NewTest.java:12)
at e_commerce_Test.NewTest.launchBrowser(NewTest.java:12)
at e_commerce_Test.NewTest.launchBrowser(NewTest.java:12)
at e_commerce_Test.NewTest.launchBrowser(NewTest.java:12)
at e_commerce_Test.NewTest.launchBrowser(NewTest.java:12)
at e_commerce_Test.NewTest.launchBrowser(NewTest.java:12)
at e_commerce_Test.NewTest.launchBrowser(NewTest.java:12)
at e_commerce_Test.NewTest.launchBrowser(NewTest.java:12)
at e_commerce_Test.NewTest.launchBrowser(NewTest.java:12)
at e_commerce_Test.NewTest.launchBrowser(NewTest.java:12)
at e_commerce_Test.NewTest.launchBrowser(NewTest.java:12)
at e_commerce_Test.NewTest.launchBrowser(NewTest.java:12)
at e_commerce_Test.NewTest.launchBrowser(NewTest.java:12)
at e_commerce_Test.NewTest.launchBrowser(NewTest.java:12)
at e_commerce_Test.NewTest.launchBrowser(NewTest.java:12)
at e_commerce_Test.NewTest.launchBrowser(NewTest.java:12)
at e_commerce_Test.NewTest.launchBrowser(NewTest.java:12)
at e_commerce_Test.NewTest.launchBrowser(NewTest.java:12)
at e_commerce_Test.NewTest.launchBrowser(NewTest.java:12)
at e_commerce_Test.NewTest.launchBrowser(NewTest.java:12)
at e_commerce_Test.NewTest.launchBrowser(NewTest.java:12)
at e_commerce_Test.NewTest.launchBrowser(NewTest.java:12)
at e_commerce_Test.NewTest.launchBrowser(NewTest.java:12)
at e_commerce_Test.NewTest.launchBrowser(NewTest.java:12)
at e_commerce_Test.NewTest.launchBrowser(NewTest.java:12)
at e_commerce_Test.NewTest.launchBrowser(NewTest.java:12)
at e_commerce_Test.NewTest.launchBrowser(NewTest.java:12)
at e_commerce_Test.NewTest.launchBrowser(NewTest.java:12)
at e_commerce_Test.NewTest.launchBrowser(NewTest.java:12)
at e_commerce_Test.NewTest.launchBrowser(NewTest.java:12)
at e_commerce_Test.NewTest.launchBrowser(NewTest.java:12)
at e_commerce_Test.NewTest.launchBrowser(NewTest.java:12)
at e_commerce_Test.NewTest.launchBrowser(NewTest.java:12)
at e_commerce_Test.NewTest.launchBrowser(NewTest.java:12)
at e_commerce_Test.NewTest.launchBrowser(NewTest.java:12)
at e_commerce_Test.NewTest.launchBrowser(NewTest.java:12)
at e_commerce_Test.NewTest.launchBrowser(NewTest.java:12)
at e_commerce_Test.NewTest.launchBrowser(NewTest.java:12)
at e_commerce_Test.NewTest.launchBrowser(NewTest.java:12)
at e_commerce_Test.NewTest.launchBrowser(NewTest.java:12)
at e_commerce_Test.NewTest.launchBrowser(NewTest.java:12)
at e_commerce_Test.NewTest.launchBrowser(NewTest.java:12)
at e_commerce_Test.NewTest.launchBrowser(NewTest.java:12)
at e_commerce_Test.NewTest.launchBrowser(NewTest.java:12)
at e_commerce_Test.NewTest.launchBrowser(NewTest.java:12)
at e_commerce_Test.NewTest.launchBrowser(NewTest.java:12)
at e_commerce_Test.NewTest.launchBrowser(NewTest.java:12)
at e_commerce_Test.NewTest.launchBrowser(NewTest.java:12)
at e_commerce_Test.NewTest.launchBrowser(NewTest.java:12)
at e_commerce_Test.NewTest.launchBrowser(NewTest.java:12)
at e_commerce_Test.NewTest.launchBrowser(NewTest.java:12)
at e_commerce_Test.NewTest.launchBrowser(NewTest.java:12)
at e_commerce_Test.NewTest.launchBrowser(NewTest.java:12)
at e_commerce_Test.NewTest.launchBrowser(NewTest.java:12)
at e_commerce_Test.NewTest.launchBrowser(NewTest.java:12)
at e_commerce_Test.NewTest.launchBrowser(NewTest.java:12)
at e_commerce_Test.NewTest.launchBrowser(NewTest.java:12)
at e_commerce_Test.NewTest.launchBrowser(NewTest.java:12)
at e_commerce_Test.NewTest.launchBrowser(NewTest.java:12)
at e_commerce_Test.NewTest.launchBrowser(NewTest.java:12)
at e_commerce_Test.NewTest.launchBrowser(NewTest.java:12)
at e_commerce_Test.NewTest.launchBrowser(NewTest.java:12)
at e_commerce_Test.NewTest.launchBrowser(NewTest.java:12)
at e_commerce_Test.NewTest.launchBrowser(NewTest.java:12)
at e_commerce_Test.NewTest.launchBrowser(NewTest.java:12)
at e_commerce_Test.NewTest.launchBrowser(NewTest.java:12)
at e_commerce_Test.NewTest.launchBrowser(NewTest.java:12)
at e_commerce_Test.NewTest.launchBrowser(NewTest.java:12)
at e_commerce_Test.NewTest.launchBrowser(NewTest.java:12)
at e_commerce_Test.NewTest.launchBrowser(NewTest.java:12)
at e_commerce_Test.NewTest.launchBrowser(NewTest.java:12)
at e_commerce_Test.NewTest.launchBrowser(NewTest.java:12)
at e_commerce_Test.NewTest.launchBrowser(NewTest.java:12)
at e_commerce_Test.NewTest.launchBrowser(NewTest.java:12)
at e_commerce_Test.NewTest.launchBrowser(NewTest.java:12)
at e_commerce_Test.NewTest.launchBrowser(NewTest.java:12)
at e_commerce_Test.NewTest.launchBrowser(NewTest.java:12)
at e_commerce_Test.NewTest.launchBrowser(NewTest.java:12)
at e_commerce_Test.NewTest.launchBrowser(NewTest.java:12)
at e_commerce_Test.NewTest.launchBrowser(NewTest.java:12)
at e_commerce_Test.NewTest.launchBrowser(NewTest.java:12)
at e_commerce_Test.NewTest.launchBrowser(NewTest.java:12)
at e_commerce_Test.NewTest.launchBrowser(NewTest.java:12)
at e_commerce_Test.NewTest.launchBrowser(NewTest.java:12)
at e_commerce_Test.NewTest.launchBrowser(NewTest.java:12)
at e_commerce_Test.NewTest.launchBrowser(NewTest.java:12)
at e_commerce_Test.NewTest.launchBrowser(NewTest.java:12)
at e_commerce_Test.NewTest.launchBrowser(NewTest.java:12)
at e_commerce_Test.NewTest.launchBrowser(NewTest.java:12)
at e_commerce_Test.NewTest.launchBrowser(NewTest.java:12)
at e_commerce_Test.NewTest.launchBrowser(NewTest.java:12)
at e_commerce_Test.NewTest.launchBrowser(NewTest.java:12)
at e_commerce_Test.NewTest.launchBrowser(NewTest.java:12)
at e_commerce_Test.NewTest.launchBrowser(NewTest.java:12)
at e_commerce_Test.NewTest.launchBrowser(NewTest.java:12)
at e_commerce_Test.NewTest.launchBrowser(NewTest.java:12)
at e_commerce_Test.NewTest.launchBrowser(NewTest.java:12)
at e_commerce_Test.NewTest.launchBrowser(NewTest.java:12)
at e_commerce_Test.NewTest.launchBrowser(NewTest.java:12)
at e_commerce_Test.NewTest.launchBrowser(NewTest.java:12)
at e_commerce_Test.NewTest.launchBrowser(NewTest.java:12)
at e_commerce_Test.NewTest.launchBrowser(NewTest.java:12)
at e_commerce_Test.NewTest.launchBrowser(NewTest.java:12)
at e_commerce_Test.NewTest.launchBrowser(NewTest.java:12)
at e_commerce_Test.NewTest.launchBrowser(NewTest.java:12)
at e_commerce_Test.NewTest.launchBrowser(NewTest.java:12)
at e_commerce_Test.NewTest.launchBrowser(NewTest.java:12)
at e_commerce_Test.NewTest.launchBrowser(NewTest.java:12)
at e_commerce_Test.NewTest.launchBrowser(NewTest.java:12)
at e_commerce_Test.NewTest.launchBrowser(NewTest.java:12)
at e_commerce_Test.NewTest.launchBrowser(NewTest.java:12)
at e_commerce_Test.NewTest.launchBrowser(NewTest.java:12)
at e_commerce_Test.NewTest.launchBrowser(NewTest.java:12)
at e_commerce_Test.NewTest.launchBrowser(NewTest.java:12)
at e_commerce_Test.NewTest.launchBrowser(NewTest.java:12)
at e_commerce_Test.NewTest.launchBrowser(NewTest.java:12)
at e_commerce_Test.NewTest.launchBrowser(NewTest.java:12)
at e_commerce_Test.NewTest.launchBrowser(NewTest.java:12)
at e_commerce_Test.NewTest.launchBrowser(NewTest.java:12)
at e_commerce_Test.NewTest.launchBrowser(NewTest.java:12)
at e_commerce_Test.NewTest.launchBrowser(NewTest.java:12)
at e_commerce_Test.NewTest.launchBrowser(NewTest.java:12)
at e_commerce_Test.NewTest.launchBrowser(NewTest.java:12)
at e_commerce_Test.NewTest.launchBrowser(NewTest.java:12)
at e_commerce_Test.NewTest.launchBrowser(NewTest.java:12)
at e_commerce_Test.NewTest.launchBrowser(NewTest.java:12)
at e_commerce_Test.NewTest.launchBrowser(NewTest.java:12)
at e_commerce_Test.NewTest.launchBrowser(NewTest.java:12)
at e_commerce_Test.NewTest.launchBrowser(NewTest.java:12)
at e_commerce_Test.NewTest.launchBrowser(NewTest.java:12)
at e_commerce_Test.NewTest.launchBrowser(NewTest.java:12)
at e_commerce_Test.NewTest.launchBrowser(NewTest.java:12)
at e_commerce_Test.NewTest.launchBrowser(NewTest.java:12)
at e_commerce_Test.NewTest.launchBrowser(NewTest.java:12)
at e_commerce_Test.NewTest.launchBrowser(NewTest.java:12)
at e_commerce_Test.NewTest.launchBrowser(NewTest.java:12)
at e_commerce_Test.NewTest.launchBrowser(NewTest.java:12)
at e_commerce_Test.NewTest.launchBrowser(NewTest.java:12)
at e_commerce_Test.NewTest.launchBrowser(NewTest.java:12)
at e_commerce_Test.NewTest.launchBrowser(NewTest.java:12)
at e_commerce_Test.NewTest.launchBrowser(NewTest.java:12)
at e_commerce_Test.NewTest.launchBrowser(NewTest.java:12)
at e_commerce_Test.NewTest.launchBrowser(NewTest.java:12)
at e_commerce_Test.NewTest.launchBrowser(NewTest.java:12)
at e_commerce_Test.NewTest.launchBrowser(NewTest.java:12)
at e_commerce_Test.NewTest.launchBrowser(NewTest.java:12)
at e_commerce_Test.NewTest.launchBrowser(NewTest.java:12)
at e_commerce_Test.NewTest.launchBrowser(NewTest.java:12)
at e_commerce_Test.NewTest.launchBrowser(NewTest.java:12)
at e_commerce_Test.NewTest.launchBrowser(NewTest.java:12)
at e_commerce_Test.NewTest.launchBrowser(NewTest.java:12)
at e_commerce_Test.NewTest.launchBrowser(NewTest.java:12)
at e_commerce_Test.NewTest.launchBrowser(NewTest.java:12)
at e_commerce_Test.NewTest.launchBrowser(NewTest.java:12)
at e_commerce_Test.NewTest.launchBrowser(NewTest.java:12)
at e_commerce_Test.NewTest.launchBrowser(NewTest.java:12)
at e_commerce_Test.NewTest.launchBrowser(NewTest.java:12)
at e_commerce_Test.NewTest.launchBrowser(NewTest.java:12)
at e_commerce_Test.NewTest.launchBrowser(NewTest.java:12)
at e_commerce_Test.NewTest.launchBrowser(NewTest.java:12)
at e_commerce_Test.NewTest.launchBrowser(NewTest.java:12)
at e_commerce_Test.NewTest.launchBrowser(NewTest.java:12)
at e_commerce_Test.NewTest.launchBrowser(NewTest.java:12)
at e_commerce_Test.NewTest.launchBrowser(NewTest.java:12)
at e_commerce_Test.NewTest.launchBrowser(NewTest.java:12)
at e_commerce_Test.NewTest.launchBrowser(NewTest.java:12)
at e_commerce_Test.NewTest.launchBrowser(NewTest.java:12)
at e_commerce_Test.NewTest.launchBrowser(NewTest.java:12)
at e_commerce_Test.NewTest.launchBrowser(NewTest.java:12)
at e_commerce_Test.NewTest.launchBrowser(NewTest.java:12)
at e_commerce_Test.NewTest.launchBrowser(NewTest.java:12)
at e_commerce_Test.NewTest.launchBrowser(NewTest.java:12)
at e_commerce_Test.NewTest.launchBrowser(NewTest.java:12)
at e_commerce_Test.NewTest.launchBrowser(NewTest.java:12)
at e_commerce_Test.NewTest.launchBrowser(NewTest.java:12)
at e_commerce_Test.NewTest.launchBrowser(NewTest.java:12)
at e_commerce_Test.NewTest.launchBrowser(NewTest.java:12)
at e_commerce_Test.NewTest.launchBrowser(NewTest.java:12)
at e_commerce_Test.NewTest.launchBrowser(NewTest.java:12)
at e_commerce_Test.NewTest.launchBrowser(NewTest.java:12)
at e_commerce_Test.NewTest.launchBrowser(NewTest.java:12)
at e_commerce_Test.NewTest.launchBrowser(NewTest.java:12)
at e_commerce_Test.NewTest.launchBrowser(NewTest.java:12)
at e_commerce_Test.NewTest.launchBrowser(NewTest.java:12)
at e_commerce_Test.NewTest.launchBrowser(NewTest.java:12)
at e_commerce_Test.NewTest.launchBrowser(NewTest.java:12)
at e_commerce_Test.NewTest.launchBrowser(NewTest.java:12)
at e_commerce_Test.NewTest.launchBrowser(NewTest.java:12)
at e_commerce_Test.NewTest.launchBrowser(NewTest.java:12)
at e_commerce_Test.NewTest.launchBrowser(NewTest.java:12)
at e_commerce_Test.NewTest.launchBrowser(NewTest.java:12)
at e_commerce_Test.NewTest.launchBrowser(NewTest.java:12)
at e_commerce_Test.NewTest.launchBrowser(NewTest.java:12)
at e_commerce_Test.NewTest.launchBrowser(NewTest.java:12)
at e_commerce_Test.NewTest.launchBrowser(NewTest.java:12)
at e_commerce_Test.NewTest.launchBrowser(NewTest.java:12)
at e_commerce_Test.NewTest.launchBrowser(NewTest.java:12)
at e_commerce_Test.NewTest.launchBrowser(NewTest.java:12)
at e_commerce_Test.NewTest.launchBrowser(NewTest.java:12)
at e_commerce_Test.NewTest.launchBrowser(NewTest.java:12)
at e_commerce_Test.NewTest.launchBrowser(NewTest.java:12)
at e_commerce_Test.NewTest.launchBrowser(NewTest.java:12)
at e_commerce_Test.NewTest.launchBrowser(NewTest.java:12)
at e_commerce_Test.NewTest.launchBrowser(NewTest.java:12)
at e_commerce_Test.NewTest.launchBrowser(NewTest.java:12)
at e_commerce_Test.NewTest.launchBrowser(NewTest.java:12)
at e_commerce_Test.NewTest.launchBrowser(NewTest.java:12)
at e_commerce_Test.NewTest.launchBrowser(NewTest.java:12)
at e_commerce_Test.NewTest.launchBrowser(NewTest.java:12)
at e_commerce_Test.NewTest.launchBrowser(NewTest.java:12)
at e_commerce_Test.NewTest.launchBrowser(NewTest.java:12)
at e_commerce_Test.NewTest.launchBrowser(NewTest.java:12)
at e_commerce_Test.NewTest.launchBrowser(NewTest.java:12)
at e_commerce_Test.NewTest.launchBrowser(NewTest.java:12)
at e_commerce_Test.NewTest.launchBrowser(NewTest.java:12)
at e_commerce_Test.NewTest.launchBrowser(NewTest.java:12)
at e_commerce_Test.NewTest.launchBrowser(NewTest.java:12)
at e_commerce_Test.NewTest.launchBrowser(NewTest.java:12)
at e_commerce_Test.NewTest.launchBrowser(NewTest.java:12)
at e_commerce_Test.NewTest.launchBrowser(NewTest.java:12)
at e_commerce_Test.NewTest.launchBrowser(NewTest.java:12)
at e_commerce_Test.NewTest.launchBrowser(NewTest.java:12)
at e_commerce_Test.NewTest.launchBrowser(NewTest.java:12)
at e_commerce_Test.NewTest.launchBrowser(NewTest.java:12)
at e_commerce_Test.NewTest.launchBrowser(NewTest.java:12)
at e_commerce_Test.NewTest.launchBrowser(NewTest.java:12)
at e_commerce_Test.NewTest.launchBrowser(NewTest.java:12)
at e_commerce_Test.NewTest.launchBrowser(NewTest.java:12)
at e_commerce_Test.NewTest.launchBrowser(NewTest.java:12)
at e_commerce_Test.NewTest.launchBrowser(NewTest.java:12)
at e_commerce_Test.NewTest.launchBrowser(NewTest.java:12)
at e_commerce_Test.NewTest.launchBrowser(NewTest.java:12)
at e_commerce_Test.NewTest.launchBrowser(NewTest.java:12)
at e_commerce_Test.NewTest.launchBrowser(NewTest.java:12)
at e_commerce_Test.NewTest.launchBrowser(NewTest.java:12)
at e_commerce_Test.NewTest.launchBrowser(NewTest.java:12)
at e_commerce_Test.NewTest.launchBrowser(NewTest.java:12)
at e_commerce_Test.NewTest.launchBrowser(NewTest.java:12)
at e_commerce_Test.NewTest.launchBrowser(NewTest.java:12)
at e_commerce_Test.NewTest.launchBrowser(NewTest.java:12)
at e_commerce_Test.NewTest.launchBrowser(NewTest.java:12)
at e_commerce_Test.NewTest.launchBrowser(NewTest.java:12)
at e_commerce_Test.NewTest.launchBrowser(NewTest.java:12)
at e_commerce_Test.NewTest.launchBrowser(NewTest.java:12)
at e_commerce_Test.NewTest.launchBrowser(NewTest.java:12)
at e_commerce_Test.NewTest.launchBrowser(NewTest.java:12)
at e_commerce_Test.NewTest.launchBrowser(NewTest.java:12)
at e_commerce_Test.NewTest.launchBrowser(NewTest.java:12)
at e_commerce_Test.NewTest.launchBrowser(NewTest.java:12)
at e_commerce_Test.NewTest.launchBrowser(NewTest.java:12)
at e_commerce_Test.NewTest.launchBrowser(NewTest.java:12)
at e_commerce_Test.NewTest.launchBrowser(NewTest.java:12)
at e_commerce_Test.NewTest.launchBrowser(NewTest.java:12)
at e_commerce_Test.NewTest.launchBrowser(NewTest.java:12)
at e_commerce_Test.NewTest.launchBrowser(NewTest.java:12)
at e_commerce_Test.NewTest.launchBrowser(NewTest.java:12)
at e_commerce_Test.NewTest.launchBrowser(NewTest.java:12)
at e_commerce_Test.NewTest.launchBrowser(NewTest.java:12)
at e_commerce_Test.NewTest.launchBrowser(NewTest.java:12)
at e_commerce_Test.NewTest.launchBrowser(NewTest.java:12)
at e_commerce_Test.NewTest.launchBrowser(NewTest.java:12)
at e_commerce_Test.NewTest.launchBrowser(NewTest.java:12)
at e_commerce_Test.NewTest.launchBrowser(NewTest.java:12)
at e_commerce_Test.NewTest.launchBrowser(NewTest.java:12)
at e_commerce_Test.NewTest.launchBrowser(NewTest.java:12)
at e_commerce_Test.NewTest.launchBrowser(NewTest.java:12)
at e_commerce_Test.NewTest.launchBrowser(NewTest.java:12)
at e_commerce_Test.NewTest.launchBrowser(NewTest.java:12)
at e_commerce_Test.NewTest.launchBrowser(NewTest.java:12)
at e_commerce_Test.NewTest.launchBrowser(NewTest.java:12)
at e_commerce_Test.NewTest.launchBrowser(NewTest.java:12)
at e_commerce_Test.NewTest.launchBrowser(NewTest.java:12)
at e_commerce_Test.NewTest.launchBrowser(NewTest.java:12)
at e_commerce_Test.NewTest.launchBrowser(NewTest.java:12)
at e_commerce_Test.NewTest.launchBrowser(NewTest.java:12)
at e_commerce_Test.NewTest.launchBrowser(NewTest.java:12)
at e_commerce_Test.NewTest.launchBrowser(NewTest.java:12)
at e_commerce_Test.NewTest.launchBrowser(NewTest.java:12)
at e_commerce_Test.NewTest.launchBrowser(NewTest.java:12)
at e_commerce_Test.NewTest.launchBrowser(NewTest.java:12)
at e_commerce_Test.NewTest.launchBrowser(NewTest.java:12)
at e_commerce_Test.NewTest.launchBrowser(NewTest.java:12)
at e_commerce_Test.NewTest.launchBrowser(NewTest.java:12)
at e_commerce_Test.NewTest.launchBrowser(NewTest.java:12)
at e_commerce_Test.NewTest.launchBrowser(NewTest.java:12)
at e_commerce_Test.NewTest.launchBrowser(NewTest.java:12)
at e_commerce_Test.NewTest.launchBrowser(NewTest.java:12)
at e_commerce_Test.NewTest.launchBrowser(NewTest.java:12)
at e_commerce_Test.NewTest.launchBrowser(NewTest.java:12)
at e_commerce_Test.NewTest.launchBrowser(NewTest.java:12)
at e_commerce_Test.NewTest.launchBrowser(NewTest.java:12)
at e_commerce_Test.NewTest.launchBrowser(NewTest.java:12)
at e_commerce_Test.NewTest.launchBrowser(NewTest.java:12)
at e_commerce_Test.NewTest.launchBrowser(NewTest.java:12)
at e_commerce_Test.NewTest.launchBrowser(NewTest.java:12)
at e_commerce_Test.NewTest.launchBrowser(NewTest.java:12)
at e_commerce_Test.NewTest.launchBrowser(NewTest.java:12)
at e_commerce_Test.NewTest.launchBrowser(NewTest.java:12)
at e_commerce_Test.NewTest.launchBrowser(NewTest.java:12)
at e_commerce_Test.NewTest.launchBrowser(NewTest.java:12)
at e_commerce_Test.NewTest.launchBrowser(NewTest.java:12)
at e_commerce_Test.NewTest.launchBrowser(NewTest.java:12)
at e_commerce_Test.NewTest.launchBrowser(NewTest.java:12)
at e_commerce_Test.NewTest.launchBrowser(NewTest.java:12)
at e_commerce_Test.NewTest.launchBrowser(NewTest.java:12)
at e_commerce_Test.NewTest.launchBrowser(NewTest.java:12)
at e_commerce_Test.NewTest.launchBrowser(NewTest.java:12)
at e_commerce_Test.NewTest.launchBrowser(NewTest.java:12)
at e_commerce_Test.NewTest.launchBrowser(NewTest.java:12)
at e_commerce_Test.NewTest.launchBrowser(NewTest.java:12)
at e_commerce_Test.NewTest.launchBrowser(NewTest.java:12)
at e_commerce_Test.NewTest.launchBrowser(NewTest.java:12)
at e_commerce_Test.NewTest.launchBrowser(NewTest.java:12)
at e_commerce_Test.NewTest.launchBrowser(NewTest.java:12)
at e_commerce_Test.NewTest.launchBrowser(NewTest.java:12)
at e_commerce_Test.NewTest.launchBrowser(NewTest.java:12)
at e_commerce_Test.NewTest.launchBrowser(NewTest.java:12)
at e_commerce_Test.NewTest.launchBrowser(NewTest.java:12)
at e_commerce_Test.NewTest.launchBrowser(NewTest.java:12)
at e_commerce_Test.NewTest.launchBrowser(NewTest.java:12)
at e_commerce_Test.NewTest.launchBrowser(NewTest.java:12)
at e_commerce_Test.NewTest.launchBrowser(NewTest.java:12)
at e_commerce_Test.NewTest.launchBrowser(NewTest.java:12)
at e_commerce_Test.NewTest.launchBrowser(NewTest.java:12)
at e_commerce_Test.NewTest.launchBrowser(NewTest.java:12)
at e_commerce_Test.NewTest.launchBrowser(NewTest.java:12)
at e_commerce_Test.NewTest.launchBrowser(NewTest.java:12)
at e_commerce_Test.NewTest.launchBrowser(NewTest.java:12)
at e_commerce_Test.NewTest.launchBrowser(NewTest.java:12)
at e_commerce_Test.NewTest.launchBrowser(NewTest.java:12)
at e_commerce_Test.NewTest.launchBrowser(NewTest.java:12)
at e_commerce_Test.NewTest.launchBrowser(NewTest.java:12)
at e_commerce_Test.NewTest.launchBrowser(NewTest.java:12)
at e_commerce_Test.NewTest.launchBrowser(NewTest.java:12)
at e_commerce_Test.NewTest.launchBrowser(NewTest.java:12)
at e_commerce_Test.NewTest.launchBrowser(NewTest.java:12)
at e_commerce_Test.NewTest.launchBrowser(NewTest.java:12)
at e_commerce_Test.NewTest.launchBrowser(NewTest.java:12)
at e_commerce_Test.NewTest.launchBrowser(NewTest.java:12)
at e_commerce_Test.NewTest.launchBrowser(NewTest.java:12)
at e_commerce_Test.NewTest.launchBrowser(NewTest.java:12)
at e_commerce_Test.NewTest.launchBrowser(NewTest.java:12)
at e_commerce_Test.NewTest.launchBrowser(NewTest.java:12)
at e_commerce_Test.NewTest.launchBrowser(NewTest.java:12)
at e_commerce_Test.NewTest.launchBrowser(NewTest.java:12)
at e_commerce_Test.NewTest.launchBrowser(NewTest.java:12)
at e_commerce_Test.NewTest.launchBrowser(NewTest.java:12)
at e_commerce_Test.NewTest.launchBrowser(NewTest.java:12)
at e_commerce_Test.NewTest.launchBrowser(NewTest.java:12)
at e_commerce_Test.NewTest.launchBrowser(NewTest.java:12)
at e_commerce_Test.NewTest.launchBrowser(NewTest.java:12)
at e_commerce_Test.NewTest.launchBrowser(NewTest.java:12)
at e_commerce_Test.NewTest.launchBrowser(NewTest.java:12)
at e_commerce_Test.NewTest.launchBrowser(NewTest.java:12)
at e_commerce_Test.NewTest.launchBrowser(NewTest.java:12)
at e_commerce_Test.NewTest.launchBrowser(NewTest.java:12)
at e_commerce_Test.NewTest.launchBrowser(NewTest.java:12)
at e_commerce_Test.NewTest.launchBrowser(NewTest.java:12)
at e_commerce_Test.NewTest.launchBrowser(NewTest.java:12)
at e_commerce_Test.NewTest.launchBrowser(NewTest.java:12)
at e_commerce_Test.NewTest.launchBrowser(NewTest.java:12)
at e_commerce_Test.NewTest.launchBrowser(NewTest.java:12)
at e_commerce_Test.NewTest.launchBrowser(NewTest.java:12)
at e_commerce_Test.NewTest.launchBrowser(NewTest.java:12)
at e_commerce_Test.NewTest.launchBrowser(NewTest.java:12)
at e_commerce_Test.NewTest.launchBrowser(NewTest.java:12)
at e_commerce_Test.NewTest.launchBrowser(NewTest.java:12)
at e_commerce_Test.NewTest.launchBrowser(NewTest.java:12)
at e_commerce_Test.NewTest.launchBrowser(NewTest.java:12)
at e_commerce_Test.NewTest.launchBrowser(NewTest.java:12)
at e_commerce_Test.NewTest.launchBrowser(NewTest.java:12)
at e_commerce_Test.NewTest.launchBrowser(NewTest.java:12)
at e_commerce_Test.NewTest.launchBrowser(NewTest.java:12)
at e_commerce_Test.NewTest.launchBrowser(NewTest.java:12)
at e_commerce_Test.NewTest.launchBrowser(NewTest.java:12)
at e_commerce_Test.NewTest.launchBrowser(NewTest.java:12)
at e_commerce_Test.NewTest.launchBrowser(NewTest.java:12)
at e_commerce_Test.NewTest.launchBrowser(NewTest.java:12)
at e_commerce_Test.NewTest.launchBrowser(NewTest.java:12)
at e_commerce_Test.NewTest.launchBrowser(NewTest.java:12)
at e_commerce_Test.NewTest.launchBrowser(NewTest.java:12)
at e_commerce_Test.NewTest.launchBrowser(NewTest.java:12)
at e_commerce_Test.NewTest.launchBrowser(NewTest.java:12)
at e_commerce_Test.NewTest.launchBrowser(NewTest.java:12)
at e_commerce_Test.NewTest.launchBrowser(NewTest.java:12)
at e_commerce_Test.NewTest.launchBrowser(NewTest.java:12)
at e_commerce_Test.NewTest.launchBrowser(NewTest.java:12)
at e_commerce_Test.NewTest.launchBrowser(NewTest.java:12)
at e_commerce_Test.NewTest.launchBrowser(NewTest.java:12)
at e_commerce_Test.NewTest.launchBrowser(NewTest.java:12)
at e_commerce_Test.NewTest.launchBrowser(NewTest.java:12)
at e_commerce_Test.NewTest.launchBrowser(NewTest.java:12)
at e_commerce_Test.NewTest.launchBrowser(NewTest.java:12)
at e_commerce_Test.NewTest.launchBrowser(NewTest.java:12)
at e_commerce_Test.NewTest.launchBrowser(NewTest.java:12)
at e_commerce_Test.NewTest.launchBrowser(NewTest.java:12)
at e_commerce_Test.NewTest.launchBrowser(NewTest.java:12)
at e_commerce_Test.NewTest.launchBrowser(NewTest.java:12)
at e_commerce_Test.NewTest.launchBrowser(NewTest.java:12)
at e_commerce_Test.NewTest.launchBrowser(NewTest.java:12)
at e_commerce_Test.NewTest.launchBrowser(NewTest.java:12)
at e_commerce_Test.NewTest.launchBrowser(NewTest.java:12)
at e_commerce_Test.NewTest.launchBrowser(NewTest.java:12)
at e_commerce_Test.NewTest.launchBrowser(NewTest.java:12)
at e_commerce_Test.NewTest.launchBrowser(NewTest.java:12)
at e_commerce_Test.NewTest.launchBrowser(NewTest.java:12)
at e_commerce_Test.NewTest.launchBrowser(NewTest.java:12)
at e_commerce_Test.NewTest.launchBrowser(NewTest.java:12)
at e_commerce_Test.NewTest.launchBrowser(NewTest.java:12)
at e_commerce_Test.NewTest.launchBrowser(NewTest.java:12)
at e_commerce_Test.NewTest.launchBrowser(NewTest.java:12)
at e_commerce_Test.NewTest.launchBrowser(NewTest.java:12)
at e_commerce_Test.NewTest.launchBrowser(NewTest.java:12)
at e_commerce_Test.NewTest.launchBrowser(NewTest.java:12)
at e_commerce_Test.NewTest.launchBrowser(NewTest.java:12)
at e_commerce_Test.NewTest.launchBrowser(NewTest.java:12)
at e_commerce_Test.NewTest.launchBrowser(NewTest.java:12)
at e_commerce_Test.NewTest.launchBrowser(NewTest.java:12)
at e_commerce_Test.NewTest.launchBrowser(NewTest.java:12)
at e_commerce_Test.NewTest.launchBrowser(NewTest.java:12)
at e_commerce_Test.NewTest.launchBrowser(NewTest.java:12)
at e_commerce_Test.NewTest.launchBrowser(NewTest.java:12)
at e_commerce_Test.NewTest.launchBrowser(NewTest.java:12)
at e_commerce_Test.NewTest.launchBrowser(NewTest.java:12)
at e_commerce_Test.NewTest.launchBrowser(NewTest.java:12)
at e_commerce_Test.NewTest.launchBrowser(NewTest.java:12)
at e_commerce_Test.NewTest.launchBrowser(NewTest.java:12)
at e_commerce_Test.NewTest.launchBrowser(NewTest.java:12)
at e_commerce_Test.NewTest.launchBrowser(NewTest.java:12)
at e_commerce_Test.NewTest.launchBrowser(NewTest.java:12)
at e_commerce_Test.NewTest.launchBrowser(NewTest.java:12)
at e_commerce_Test.NewTest.launchBrowser(NewTest.java:12)
at e_commerce_Test.NewTest.launchBrowser(NewTest.java:12)
at e_commerce_Test.NewTest.launchBrowser(NewTest.java:12)
at e_commerce_Test.NewTest.launchBrowser(NewTest.java:12)
at e_commerce_Test.NewTest.launchBrowser(NewTest.java:12)
at e_commerce_Test.NewTest.launchBrowser(NewTest.java:12)
at e_commerce_Test.NewTest.launchBrowser(NewTest.java:12)
at e_commerce_Test.NewTest.launchBrowser(NewTest.java:12)
at e_commerce_Test.NewTest.launchBrowser(NewTest.java:12)
at e_commerce_Test.NewTest.launchBrowser(NewTest.java:12)
at e_commerce_Test.NewTest.launchBrowser(NewTest.java:12)
at e_commerce_Test.NewTest.launchBrowser(NewTest.java:12)
at e_commerce_Test.NewTest.launchBrowser(NewTest.java:12)
at e_commerce_Test.NewTest.launchBrowser(NewTest.java:12)
at e_commerce_Test.NewTest.launchBrowser(NewTest.java:12)
at e_commerce_Test.NewTest.launchBrowser(NewTest.java:12)
at e_commerce_Test.NewTest.launchBrowser(NewTest.java:12)
at e_commerce_Test.NewTest.launchBrowser(NewTest.java:12)
at e_commerce_Test.NewTest.launchBrowser(NewTest.java:12)
at e_commerce_Test.NewTest.launchBrowser(NewTest.java:12)
at e_commerce_Test.NewTest.launchBrowser(NewTest.java:12)
at e_commerce_Test.NewTest.launchBrowser(NewTest.java:12)
at e_commerce_Test.NewTest.launchBrowser(NewTest.java:12)
at e_commerce_Test.NewTest.launchBrowser(NewTest.java:12)
at e_commerce_Test.NewTest.launchBrowser(NewTest.java:12)
at e_commerce_Test.NewTest.launchBrowser(NewTest.java:12)
at e_commerce_Test.NewTest.launchBrowser(NewTest.java:12)
at e_commerce_Test.NewTest.launchBrowser(NewTest.java:12)
at e_commerce_Test.NewTest.launchBrowser(NewTest.java:12)
at e_commerce_Test.NewTest.launchBrowser(NewTest.java:12)
at e_commerce_Test.NewTest.launchBrowser(NewTest.java:12)
at e_commerce_Test.NewTest.launchBrowser(NewTest.java:12)
at e_commerce_Test.NewTest.launchBrowser(NewTest.java:12)
at e_commerce_Test.NewTest.launchBrowser(NewTest.java:12)
at e_commerce_Test.NewTest.launchBrowser(NewTest.java:12)
at e_commerce_Test.NewTest.launchBrowser(NewTest.java:12)
at e_commerce_Test.NewTest.launchBrowser(NewTest.java:12)
at e_commerce_Test.NewTest.launchBrowser(NewTest.java:12)
at e_commerce_Test.NewTest.launchBrowser(NewTest.java:12)
at e_commerce_Test.NewTest.launchBrowser(NewTest.java:12)
at e_commerce_Test.NewTest.launchBrowser(NewTest.java:12)
at e_commerce_Test.NewTest.launchBrowser(NewTest.java:12)
at e_commerce_Test.NewTest.launchBrowser(NewTest.java:12)
at e_commerce_Test.NewTest.launchBrowser(NewTest.java:12)
at e_commerce_Test.NewTest.launchBrowser(NewTest.java:12)
at e_commerce_Test.NewTest.launchBrowser(NewTest.java:12)
at e_commerce_Test.NewTest.launchBrowser(NewTest.java:12)
at e_commerce_Test.NewTest.launchBrowser(NewTest.java:12)
at e_commerce_Test.NewTest.launchBrowser(NewTest.java:12)
at e_commerce_Test.NewTest.launchBrowser(NewTest.java:12)
at e_commerce_Test.NewTest.launchBrowser(NewTest.java:12)
at e_commerce_Test.NewTest.launchBrowser(NewTest.java:12)
at e_commerce_Test.NewTest.launchBrowser(NewTest.java:12)
at e_commerce_Test.NewTest.launchBrowser(NewTest.java:12)
at e_commerce_Test.NewTest.launchBrowser(NewTest.java:12)
at e_commerce_Test.NewTest.launchBrowser(NewTest.java:12)
at e_commerce_Test.NewTest.launchBrowser(NewTest.java:12)
at e_commerce_Test.NewTest.launchBrowser(NewTest.java:12)
at e_commerce_Test.NewTest.launchBrowser(NewTest.java:12)
at e_commerce_Test.NewTest.launchBrowser(NewTest.java:12)
at e_commerce_Test.NewTest.launchBrowser(NewTest.java:12)
at e_commerce_Test.NewTest.launchBrowser(NewTest.java:12)
at e_commerce_Test.NewTest.launchBrowser(NewTest.java:12)
at e_commerce_Test.NewTest.launchBrowser(NewTest.java:12)
at e_commerce_Test.NewTest.launchBrowser(NewTest.java:12)
at e_commerce_Test.NewTest.launchBrowser(NewTest.java:12)
at e_commerce_Test.NewTest.launchBrowser(NewTest.java:12)
at e_commerce_Test.NewTest.launchBrowser(NewTest.java:12)
at e_commerce_Test.NewTest.launchBrowser(NewTest.java:12)
at e_commerce_Test.NewTest.launchBrowser(NewTest.java:12)
at e_commerce_Test.NewTest.launchBrowser(NewTest.java:12)
at e_commerce_Test.NewTest.launchBrowser(NewTest.java:12)
at e_commerce_Test.NewTest.launchBrowser(NewTest.java:12)
at e_commerce_Test.NewTest.launchBrowser(NewTest.java:12)
at e_commerce_Test.NewTest.launchBrowser(NewTest.java:12)
at e_commerce_Test.NewTest.launchBrowser(NewTest.java:12)
at e_commerce_Test.NewTest.launchBrowser(NewTest.java:12)
at e_commerce_Test.NewTest.launchBrowser(NewTest.java:12)
at e_commerce_Test.NewTest.launchBrowser(NewTest.java:12)
at e_commerce_Test.NewTest.launchBrowser(NewTest.java:12)
at e_commerce_Test.NewTest.launchBrowser(NewTest.java:12)
at e_commerce_Test.NewTest.launchBrowser(NewTest.java:12)
at e_commerce_Test.NewTest.launchBrowser(NewTest.java:12)
at e_commerce_Test.NewTest.launchBrowser(NewTest.java:12)
at e_commerce_Test.NewTest.launchBrowser(NewTest.java:12)
at e_commerce_Test.NewTest.launchBrowser(NewTest.java:12)
at e_commerce_Test.NewTest.launchBrowser(NewTest.java:12)
at e_commerce_Test.NewTest.launchBrowser(NewTest.java:12)
at e_commerce_Test.NewTest.launchBrowser(NewTest.java:12)
at e_commerce_Test.NewTest.launchBrowser(NewTest.java:12)
at e_commerce_Test.NewTest.launchBrowser(NewTest.java:12)
at e_commerce_Test.NewTest.launchBrowser(NewTest.java:12)
at e_commerce_Test.NewTest.launchBrowser(NewTest.java:12)
at e_commerce_Test.NewTest.launchBrowser(NewTest.java:12)
at e_commerce_Test.NewTest.launchBrowser(NewTest.java:12)
at e_commerce_Test.NewTest.launchBrowser(NewTest.java:12)
at e_commerce_Test.NewTest.launchBrowser(NewTest.java:12)
at e_commerce_Test.NewTest.launchBrowser(NewTest.java:12)
at e_commerce_Test.NewTest.launchBrowser(NewTest.java:12)
at e_commerce_Test.NewTest.launchBrowser(NewTest.java:12)
at e_commerce_Test.NewTest.launchBrowser(NewTest.java:12)
at e_commerce_Test.NewTest.launchBrowser(NewTest.java:12)
at e_commerce_Test.NewTest.launchBrowser(NewTest.java:12)
at e_commerce_Test.NewTest.launchBrowser(NewTest.java:12)
at e_commerce_Test.NewTest.launchBrowser(NewTest.java:12)
at e_commerce_Test.NewTest.launchBrowser(NewTest.java:12)
at e_commerce_Test.NewTest.launchBrowser(NewTest.java:12)
at e_commerce_Test.NewTest.launchBrowser(NewTest.java:12)
at e_commerce_Test.NewTest.launchBrowser(NewTest.java:12)
at e_commerce_Test.NewTest.launchBrowser(NewTest.java:12)
at e_commerce_Test.NewTest.launchBrowser(NewTest.java:12)
at e_commerce_Test.NewTest.launchBrowser(NewTest.java:12)
at e_commerce_Test.NewTest.launchBrowser(NewTest.java:12)
at e_commerce_Test.NewTest.launchBrowser(NewTest.java:12)
at e_commerce_Test.NewTest.launchBrowser(NewTest.java:12)
at e_commerce_Test.NewTest.launchBrowser(NewTest.java:12)
at e_commerce_Test.NewTest.launchBrowser(NewTest.java:12)
at e_commerce_Test.NewTest.launchBrowser(NewTest.java:12)
at e_commerce_Test.NewTest.launchBrowser(NewTest.java:12)
at e_commerce_Test.NewTest.launchBrowser(NewTest.java:12)
at e_commerce_Test.NewTest.launchBrowser(NewTest.java:12)
at e_commerce_Test.NewTest.launchBrowser(NewTest.java:12)
at e_commerce_Test.NewTest.launchBrowser(NewTest.java:12)
at e_commerce_Test.NewTest.launchBrowser(NewTest.java:12)
at e_commerce_Test.NewTest.launchBrowser(NewTest.java:12)
at e_commerce_Test.NewTest.launchBrowser(NewTest.java:12)
at e_commerce_Test.NewTest.launchBrowser(NewTest.java:12)
at e_commerce_Test.NewTest.launchBrowser(NewTest.java:12)
at e_commerce_Test.NewTest.launchBrowser(NewTest.java:12)
at e_commerce_Test.NewTest.launchBrowser(NewTest.java:12)
at e_commerce_Test.NewTest.launchBrowser(NewTest.java:12)
at e_commerce_Test.NewTest.launchBrowser(NewTest.java:12)
at e_commerce_Test.NewTest.launchBrowser(NewTest.java:12)
at e_commerce_Test.NewTest.launchBrowser(NewTest.java:12)
at e_commerce_Test.NewTest.launchBrowser(NewTest.java:12)
at e_commerce_Test.NewTest.launchBrowser(NewTest.java:12)
at e_commerce_Test.NewTest.launchBrowser(NewTest.java:12)
at e_commerce_Test.NewTest.launchBrowser(NewTest.java:12)
at e_commerce_Test.NewTest.launchBrowser(NewTest.java:12)
at e_commerce_Test.NewTest.launchBrowser(NewTest.java:12)
at e_commerce_Test.NewTest.launchBrowser(NewTest.java:12)
at e_commerce_Test.NewTest.launchBrowser(NewTest.java:12)
at e_commerce_Test.NewTest.launchBrowser(NewTest.java:12)
at e_commerce_Test.NewTest.launchBrowser(NewTest.java:12)
at e_commerce_Test.NewTest.launchBrowser(NewTest.java:12)
at e_commerce_Test.NewTest.launchBrowser(NewTest.java:12)
at e_commerce_Test.NewTest.launchBrowser(NewTest.java:12)
at e_commerce_Test.NewTest.launchBrowser(NewTest.java:12)
at e_commerce_Test.NewTest.launchBrowser(NewTest.java:12)
at e_commerce_Test.NewTest.launchBrowser(NewTest.java:12)
at e_commerce_Test.NewTest.launchBrowser(NewTest.java:12)
at e_commerce_Test.NewTest.launchBrowser(NewTest.java:12)
at e_commerce_Test.NewTest.launchBrowser(NewTest.java:12)
at e_commerce_Test.NewTest.launchBrowser(NewTest.java:12)
at e_commerce_Test.NewTest.launchBrowser(NewTest.java:12)
at e_commerce_Test.NewTest.launchBrowser(NewTest.java:12)
at e_commerce_Test.NewTest.launchBrowser(NewTest.java:12)
at e_commerce_Test.NewTest.launchBrowser(NewTest.java:12)
at e_commerce_Test.NewTest.launchBrowser(NewTest.java:12)
at e_commerce_Test.NewTest.launchBrowser(NewTest.java:12)
at e_commerce_Test.NewTest.launchBrowser(NewTest.java:12)
at e_commerce_Test.NewTest.launchBrowser(NewTest.java:12)
at e_commerce_Test.NewTest.launchBrowser(NewTest.java:12)
at e_commerce_Test.NewTest.launchBrowser(NewTest.java:12)
at e_commerce_Test.NewTest.launchBrowser(NewTest.java:12)
at e_commerce_Test.NewTest.launchBrowser(NewTest.java:12)
at e_commerce_Test.NewTest.launchBrowser(NewTest.java:12)
at e_commerce_Test.NewTest.launchBrowser(NewTest.java:12)
at e_commerce_Test.NewTest.launchBrowser(NewTest.java:12)
at e_commerce_Test.NewTest.launchBrowser(NewTest.java:12)
at e_commerce_Test.NewTest.launchBrowser(NewTest.java:12)
at e_commerce_Test.NewTest.launchBrowser(NewTest.java:12)
at e_commerce_Test.NewTest.launchBrowser(NewTest.java:12)
at e_commerce_Test.NewTest.launchBrowser(NewTest.java:12)
at e_commerce_Test.NewTest.launchBrowser(NewTest.java:12)
at e_commerce_Test.NewTest.launchBrowser(NewTest.java:12)
at e_commerce_Test.NewTest.launchBrowser(NewTest.java:12)
at e_commerce_Test.NewTest.launchBrowser(NewTest.java:12)
at e_commerce_Test.NewTest.launchBrowser(NewTest.java:12)
at e_commerce_Test.NewTest.launchBrowser(NewTest.java:12)
at e_commerce_Test.NewTest.launchBrowser(NewTest.java:12)
at e_commerce_Test.NewTest.launchBrowser(NewTest.java:12)
at e_commerce_Test.NewTest.launchBrowser(NewTest.java:12)
at e_commerce_Test.NewTest.launchBrowser(NewTest.java:12)
at e_commerce_Test.NewTest.launchBrowser(NewTest.java:12)
at e_commerce_Test.NewTest.launchBrowser(NewTest.java:12)
at e_commerce_Test.NewTest.launchBrowser(NewTest.java:12)
at e_commerce_Test.NewTest.launchBrowser(NewTest.java:12)
at e_commerce_Test.NewTest.launchBrowser(NewTest.java:12)
at e_commerce_Test.NewTest.launchBrowser(NewTest.java:12)
at e_commerce_Test.NewTest.launchBrowser(NewTest.java:12)
at e_commerce_Test.NewTest.launchBrowser(NewTest.java:12)
at e_commerce_Test.NewTest.launchBrowser(NewTest.java:12)
at e_commerce_Test.NewTest.launchBrowser(NewTest.java:12)
at e_commerce_Test.NewTest.launchBrowser(NewTest.java:12)
at e_commerce_Test.NewTest.launchBrowser(NewTest.java:12)
at e_commerce_Test.NewTest.launchBrowser(NewTest.java:12)
at e_commerce_Test.NewTest.launchBrowser(NewTest.java:12)
at e_commerce_Test.NewTest.launchBrowser(NewTest.java:12)
at e_commerce_Test.NewTest.launchBrowser(NewTest.java:12)
at e_commerce_Test.NewTest.launchBrowser(NewTest.java:12)
at e_commerce_Test.NewTest.launchBrowser(NewTest.java:12)
at e_commerce_Test.NewTest.launchBrowser(NewTest.java:12)
at e_commerce_Test.NewTest.launchBrowser(NewTest.java:12)
at e_commerce_Test.NewTest.launchBrowser(NewTest.java:12)
at e_commerce_Test.NewTest.launchBrowser(NewTest.java:12)
at e_commerce_Test.NewTest.launchBrowser(NewTest.java:12)
at e_commerce_Test.NewTest.launchBrowser(NewTest.java:12)
at e_commerce_Test.NewTest.launchBrowser(NewTest.java:12)
at e_commerce_Test.NewTest.launchBrowser(NewTest.java:12)
at e_commerce_Test.NewTest.launchBrowser(NewTest.java:12)
at e_commerce_Test.NewTest.launchBrowser(NewTest.java:12)
at e_commerce_Test.NewTest.launchBrowser(NewTest.java:12)
at e_commerce_Test.NewTest.launchBrowser(NewTest.java:12)
at e_commerce_Test.NewTest.launchBrowser(NewTest.java:12)
at e_commerce_Test.NewTest.launchBrowser(NewTest.java:12)
at e_commerce_Test.NewTest.launchBrowser(NewTest.java:12)
at e_commerce_Test.NewTest.launchBrowser(NewTest.java:12)
at e_commerce_Test.NewTest.launchBrowser(NewTest.java:12)
at e_commerce_Test.NewTest.launchBrowser(NewTest.java:12)
at e_commerce_Test.NewTest.launchBrowser(NewTest.java:12)
at e_commerce_Test.NewTest.launchBrowser(NewTest.java:12)
at e_commerce_Test.NewTest.launchBrowser(NewTest.java:12)
at e_commerce_Test.NewTest.launchBrowser(NewTest.java:12)
at e_commerce_Test.NewTest.launchBrowser(NewTest.java:12)
at e_commerce_Test.NewTest.launchBrowser(NewTest.java:12)
at e_commerce_Test.NewTest.launchBrowser(NewTest.java:12)
at e_commerce_Test.NewTest.launchBrowser(NewTest.java:12)
at e_commerce_Test.NewTest.launchBrowser(NewTest.java:12)
at e_commerce_Test.NewTest.launchBrowser(NewTest.java:12)
at e_commerce_Test.NewTest.launchBrowser(NewTest.java:12)
at e_commerce_Test.NewTest.launchBrowser(NewTest.java:12)
at e_commerce_Test.NewTest.launchBrowser(NewTest.java:12)
at e_commerce_Test.NewTest.launchBrowser(NewTest.java:12)
at e_commerce_Test.NewTest.launchBrowser(NewTest.java:12)
at e_commerce_Test.NewTest.launchBrowser(NewTest.java:12)
at e_commerce_Test.NewTest.launchBrowser(NewTest.java:12)
at e_commerce_Test.NewTest.launchBrowser(NewTest.java:12)
at e_commerce_Test.NewTest.launchBrowser(NewTest.java:12)
at e_commerce_Test.NewTest.launchBrowser(NewTest.java:12)
at e_commerce_Test.NewTest.launchBrowser(NewTest.java:12)
at e_commerce_Test.NewTest.launchBrowser(NewTest.java:12)
at e_commerce_Test.NewTest.launchBrowser(NewTest.java:12)
at e_commerce_Test.NewTest.launchBrowser(NewTest.java:12)
at e_commerce_Test.NewTest.launchBrowser(NewTest.java:12)
at e_commerce_Test.NewTest.launchBrowser(NewTest.java:12)
at e_commerce_Test.NewTest.launchBrowser(NewTest.java:12)
at e_commerce_Test.NewTest.launchBrowser(NewTest.java:12)
at e_commerce_Test.NewTest.launchBrowser(NewTest.java:12)
at e_commerce_Test.NewTest.launchBrowser(NewTest.java:12)
at e_commerce_Test.NewTest.launchBrowser(NewTest.java:12)
at e_commerce_Test.NewTest.launchBrowser(NewTest.java:12)
at e_commerce_Test.NewTest.launchBrowser(NewTest.java:12)
at e_commerce_Test.NewTest.launchBrowser(NewTest.java:12)
at e_commerce_Test.NewTest.launchBrowser(NewTest.java:12)
at e_commerce_Test.NewTest.launchBrowser(NewTest.java:12)
at e_commerce_Test.NewTest.launchBrowser(NewTest.java:12)
at e_commerce_Test.NewTest.launchBrowser(NewTest.java:12)
at e_commerce_Test.NewTest.launchBrowser(NewTest.java:12)
at e_commerce_Test.NewTest.launchBrowser(NewTest.java:12)
at e_commerce_Test.NewTest.launchBrowser(NewTest.java:12)
at e_commerce_Test.NewTest.launchBrowser(NewTest.java:12)
at e_commerce_Test.NewTest.launchBrowser(NewTest.java:12)
at e_commerce_Test.NewTest.launchBrowser(NewTest.java:12)
at e_commerce_Test.NewTest.launchBrowser(NewTest.java:12)
at e_commerce_Test.NewTest.launchBrowser(NewTest.java:12)
at e_commerce_Test.NewTest.launchBrowser(NewTest.java:12)
at e_commerce_Test.NewTest.launchBrowser(NewTest.java:12)
at e_commerce_Test.NewTest.launchBrowser(NewTest.java:12)
at e_commerce_Test.NewTest.launchBrowser(NewTest.java:12)
at e_commerce_Test.NewTest.launchBrowser(NewTest.java:12)
at e_commerce_Test.NewTest.launchBrowser(NewTest.java:12)
at e_commerce_Test.NewTest.launchBrowser(NewTest.java:12)
at e_commerce_Test.NewTest.launchBrowser(NewTest.java:12)
at e_commerce_Test.NewTest.launchBrowser(NewTest.java:12)
at e_commerce_Test.NewTest.launchBrowser(NewTest.java:12)
at e_commerce_Test.NewTest.launchBrowser(NewTest.java:12)
at e_commerce_Test.NewTest.launchBrowser(NewTest.java:12)
at e_commerce_Test.NewTest.launchBrowser(NewTest.java:12)
at e_commerce_Test.NewTest.launchBrowser(NewTest.java:12)
at e_commerce_Test.NewTest.launchBrowser(NewTest.java:12)
at e_commerce_Test.NewTest.launchBrowser(NewTest.java:12)
at e_commerce_Test.NewTest.launchBrowser(NewTest.java:12)
at e_commerce_Test.NewTest.launchBrowser(NewTest.java:12)
at e_commerce_Test.NewTest.launchBrowser(NewTest.java:12)
at e_commerce_Test.NewTest.launchBrowser(NewTest.java:12)
at e_commerce_Test.NewTest.launchBrowser(NewTest.java:12)
at e_commerce_Test.NewTest.launchBrowser(NewTest.java:12)
at e_commerce_Test.NewTest.launchBrowser(NewTest.java:12)
at e_commerce_Test.NewTest.launchBrowser(NewTest.java:12)
at e_commerce_Test.NewTest.launchBrowser(NewTest.java:12)
at e_commerce_Test.NewTest.launchBrowser(NewTest.java:12)
at e_commerce_Test.NewTest.launchBrowser(NewTest.java:12)
at e_commerce_Test.NewTest.launchBrowser(NewTest.java:12)
at e_commerce_Test.NewTest.launchBrowser(NewTest.java:12)
at e_commerce_Test.NewTest.launchBrowser(NewTest.java:12)
at e_commerce_Test.NewTest.launchBrowser(NewTest.java:12)
at e_commerce_Test.NewTest.launchBrowser(NewTest.java:12)
at e_commerce_Test.NewTest.launchBrowser(NewTest.java:12)
at e_commerce_Test.NewTest.launchBrowser(NewTest.java:12)
at e_commerce_Test.NewTest.launchBrowser(NewTest.java:12)
at e_commerce_Test.NewTest.launchBrowser(NewTest.java:12)
at e_commerce_Test.NewTest.launchBrowser(NewTest.java:12)
at e_commerce_Test.NewTest.launchBrowser(NewTest.java:12)
at e_commerce_Test.NewTest.launchBrowser(NewTest.java:12)
at e_commerce_Test.NewTest.launchBrowser(NewTest.java:12)
at e_commerce_Test.NewTest.launchBrowser(NewTest.java:12)
at e_commerce_Test.NewTest.launchBrowser(NewTest.java:12)
at e_commerce_Test.NewTest.launchBrowser(NewTest.java:12)
at e_commerce_Test.NewTest.launchBrowser(NewTest.java:12)
at e_commerce_Test.NewTest.launchBrowser(NewTest.java:12)
at e_commerce_Test.NewTest.launchBrowser(NewTest.java:12)
at e_commerce_Test.NewTest.launchBrowser(NewTest.java:12)
at e_commerce_Test.NewTest.launchBrowser(NewTest.java:12)
at e_commerce_Test.NewTest.launchBrowser(NewTest.java:12)
at e_commerce_Test.NewTest.launchBrowser(NewTest.java:12)
at e_commerce_Test.NewTest.launchBrowser(NewTest.java:12)
at e_commerce_Test.NewTest.launchBrowser(NewTest.java:12)
at e_commerce_Test.NewTest.launchBrowser(NewTest.java:12)
at e_commerce_Test.NewTest.launchBrowser(NewTest.java:12)
at e_commerce_Test.NewTest.launchBrowser(NewTest.java:12)
at e_commerce_Test.NewTest.launchBrowser(NewTest.java:12)
at e_commerce_Test.NewTest.launchBrowser(NewTest.java:12)
at e_commerce_Test.NewTest.launchBrowser(NewTest.java:12)
at e_commerce_Test.NewTest.launchBrowser(NewTest.java:12)
at e_commerce_Test.NewTest.launchBrowser(NewTest.java:12)
at e_commerce_Test.NewTest.launchBrowser(NewTest.java:12)
at e_commerce_Test.NewTest.launchBrowser(NewTest.java:12)
at e_commerce_Test.NewTest.launchBrowser(NewTest.java:12)
at e_commerce_Test.NewTest.launchBrowser(NewTest.java:12)
at e_commerce_Test.NewTest.launchBrowser(NewTest.java:12)
at e_commerce_Test.NewTest.launchBrowser(NewTest.java:12)
at e_commerce_Test.NewTest.launchBrowser(NewTest.java:12)
at e_commerce_Test.NewTest.launchBrowser(NewTest.java:12)
at e_commerce_Test.NewTest.launchBrowser(NewTest.java:12)
at e_commerce_Test.NewTest.launchBrowser(NewTest.java:12)
at e_commerce_Test.NewTest.launchBrowser(NewTest.java:12)
at e_commerce_Test.NewTest.launchBrowser(NewTest.java:12)
at e_commerce_Test.NewTest.launchBrowser(NewTest.java:12)
at e_commerce_Test.NewTest.launchBrowser(NewTest.java:12)
at e_commerce_Test.NewTest.launchBrowser(NewTest.java:12)
at e_commerce_Test.NewTest.launchBrowser(NewTest.java:12)
at e_commerce_Test.NewTest.launchBrowser(NewTest.java:12)
at e_commerce_Test.NewTest.launchBrowser(NewTest.java:12)
at e_commerce_Test.NewTest.launchBrowser(NewTest.java:12)
at e_commerce_Test.NewTest.launchBrowser(NewTest.java:12)
at e_commerce_Test.NewTest.launchBrowser(NewTest.java:12)
at e_commerce_Test.NewTest.launchBrowser(NewTest.java:12)
at e_commerce_Test.NewTest.launchBrowser(NewTest.java:12)
at e_commerce_Test.NewTest.launchBrowser(NewTest.java:12)
at e_commerce_Test.NewTest.launchBrowser(NewTest.java:12)
at e_commerce_Test.NewTest.launchBrowser(NewTest.java:12)
at e_commerce_Test.NewTest.launchBrowser(NewTest.java:12)
at e_commerce_Test.NewTest.launchBrowser(NewTest.java:12)
at e_commerce_Test.NewTest.launchBrowser(NewTest.java:12)
at e_commerce_Test.NewTest.launchBrowser(NewTest.java:12)
at e_commerce_Test.NewTest.launchBrowser(NewTest.java:12)
at e_commerce_Test.NewTest.launchBrowser(NewTest.java:12)
at e_commerce_Test.NewTest.launchBrowser(NewTest.java:12)
at e_commerce_Test.NewTest.launchBrowser(NewTest.java:12)
at e_commerce_Test.NewTest.launchBrowser(NewTest.java:12)
at e_commerce_Test.NewTest.launchBrowser(NewTest.java:12)
at e_commerce_Test.NewTest.launchBrowser(NewTest.java:12)
at e_commerce_Test.NewTest.launchBrowser(NewTest.java:12)
at e_commerce_Test.NewTest.launchBrowser(NewTest.java:12)
at e_commerce_Test.NewTest.launchBrowser(NewTest.java:12)
at e_commerce_Test.NewTest.launchBrowser(NewTest.java:12)
at e_commerce_Test.NewTest.launchBrowser(NewTest.java:12)
at e_commerce_Test.NewTest.launchBrowser(NewTest.java:12)
at e_commerce_Test.NewTest.launchBrowser(NewTest.java:12)
at e_commerce_Test.NewTest.launchBrowser(NewTest.java:12)
at e_commerce_Test.NewTest.launchBrowser(NewTest.java:12)
at e_commerce_Test.NewTest.launchBrowser(NewTest.java:12)
at e_commerce_Test.NewTest.launchBrowser(NewTest.java:12)
at e_commerce_Test.NewTest.launchBrowser(NewTest.java:12)
at e_commerce_Test.NewTest.launchBrowser(NewTest.java:12)
at e_commerce_Test.NewTest.launchBrowser(NewTest.java:12)
at e_commerce_Test.NewTest.launchBrowser(NewTest.java:12)
at e_commerce_Test.NewTest.launchBrowser(NewTest.java:12)
at e_commerce_Test.NewTest.launchBrowser(NewTest.java:12)
at e_commerce_Test.NewTest.launchBrowser(NewTest.java:12)
at e_commerce_Test.NewTest.launchBrowser(NewTest.java:12)
at e_commerce_Test.NewTest.launchBrowser(NewTest.java:12)
at e_commerce_Test.NewTest.launchBrowser(NewTest.java:12)
at e_commerce_Test.NewTest.launchBrowser(NewTest.java:12)
at e_commerce_Test.NewTest.launchBrowser(NewTest.java:12)
at e_commerce_Test.NewTest.launchBrowser(NewTest.java:12)
at e_commerce_Test.NewTest.launchBrowser(NewTest.java:12)
at e_commerce_Test.NewTest.launchBrowser(NewTest.java:12)
at e_commerce_Test.NewTest.launchBrowser(NewTest.java:12)
at e_commerce_Test.NewTest.launchBrowser(NewTest.java:12)
at e_commerce_Test.NewTest.launchBrowser(NewTest.java:12)
at e_commerce_Test.NewTest.launchBrowser(NewTest.java:12)
at e_commerce_Test.NewTest.launchBrowser(NewTest.java:12)
at e_commerce_Test.NewTest.launchBrowser(NewTest.java:12)
at e_commerce_Test.NewTest.launchBrowser(NewTest.java:12)
at e_commerce_Test.NewTest.launchBrowser(NewTest.java:12)
at e_commerce_Test.NewTest.launchBrowser(NewTest.java:12)
at e_commerce_Test.NewTest.launchBrowser(NewTest.java:12)
at e_commerce_Test.NewTest.launchBrowser(NewTest.java:12)
at e_commerce_Test.NewTest.launchBrowser(NewTest.java:12)
at e_commerce_Test.NewTest.launchBrowser(NewTest.java:12)
at e_commerce_Test.NewTest.launchBrowser(NewTest.java:12)
at e_commerce_Test.NewTest.launchBrowser(NewTest.java:12)
at e_commerce_Test.NewTest.launchBrowser(NewTest.java:12)
at e_commerce_Test.NewTest.launchBrowser(NewTest.java:12)
at e_commerce_Test.NewTest.launchBrowser(NewTest.java:12)
at e_commerce_Test.NewTest.launchBrowser(NewTest.java:12)
at e_commerce_Test.NewTest.launchBrowser(NewTest.java:12)
at e_commerce_Test.NewTest.launchBrowser(NewTest.java:12)
at e_commerce_Test.NewTest.launchBrowser(NewTest.java:12)
at e_commerce_Test.NewTest.launchBrowser(NewTest.java:12)
at e_commerce_Test.NewTest.launchBrowser(NewTest.java:12)
at e_commerce_Test.NewTest.launchBrowser(NewTest.java:12)
at e_commerce_Test.NewTest.launchBrowser(NewTest.java:12)
at e_commerce_Test.NewTest.launchBrowser(NewTest.java:12)
at e_commerce_Test.NewTest.launchBrowser(NewTest.java:12)
at e_commerce_Test.NewTest.launchBrowser(NewTest.java:12)
at e_commerce_Test.NewTest.launchBrowser(NewTest.java:12)
at e_commerce_Test.NewTest.launchBrowser(NewTest.java:12)
at e_commerce_Test.NewTest.launchBrowser(NewTest.java:12)
at e_commerce_Test.NewTest.launchBrowser(NewTest.java:12)
at e_commerce_Test.NewTest.launchBrowser(NewTest.java:12)
at e_commerce_Test.NewTest.launchBrowser(NewTest.java:12)
at e_commerce_Test.NewTest.launchBrowser(NewTest.java:12)
at e_commerce_Test.NewTest.launchBrowser(NewTest.java:12)
at e_commerce_Test.NewTest.launchBrowser(NewTest.java:12)
at e_commerce_Test.NewTest.launchBrowser(NewTest.java:12)
at e_commerce_Test.NewTest.launchBrowser(NewTest.java:12)
at e_commerce_Test.NewTest.launchBrowser(NewTest.java:12)
at e_commerce_Test.NewTest.launchBrowser(NewTest.java:12)
at e_commerce_Test.NewTest.launchBrowser(NewTest.java:12)
at e_commerce_Test.NewTest.launchBrowser(NewTest.java:12)
at e_commerce_Test.NewTest.launchBrowser(NewTest.java:12)
at e_commerce_Test.NewTest.launchBrowser(NewTest.java:12)
at e_commerce_Test.NewTest.launchBrowser(NewTest.java:12)
at e_commerce_Test.NewTest.launchBrowser(NewTest.java:12)
at e_commerce_Test.NewTest.launchBrowser(NewTest.java:12)
at e_commerce_Test.NewTest.launchBrowser(NewTest.java:12)
at e_commerce_Test.NewTest.launchBrowser(NewTest.java:12)
at e_commerce_Test.NewTest.launchBrowser(NewTest.java:12)
at e_commerce_Test.NewTest.launchBrowser(NewTest.java:12)
at e_commerce_Test.NewTest.launchBrowser(NewTest.java:12)
at e_commerce_Test.NewTest.launchBrowser(NewTest.java:12)
at e_commerce_Test.NewTest.launchBrowser(NewTest.java:12)
at e_commerce_Test.NewTest.launchBrowser(NewTest.java:12)
at e_commerce_Test.NewTest.launchBrowser(NewTest.java:12)
at e_commerce_Test.NewTest.launchBrowser(NewTest.java:12)
at e_commerce_Test.NewTest.launchBrowser(NewTest.java:12)
at e_commerce_Test.NewTest.launchBrowser(NewTest.java:12)
at e_commerce_Test.NewTest.launchBrowser(NewTest.java:12)
at e_commerce_Test.NewTest.launchBrowser(NewTest.java:12)
at e_commerce_Test.NewTest.launchBrowser(NewTest.java:12)
at e_commerce_Test.NewTest.launchBrowser(NewTest.java:12)
at e_commerce_Test.NewTest.launchBrowser(NewTest.java:12)
at e_commerce_Test.NewTest.launchBrowser(NewTest.java:12)
at e_commerce_Test.NewTest.launchBrowser(NewTest.java:12)
at e_commerce_Test.NewTest.launchBrowser(NewTest.java:12)
at e_commerce_Test.NewTest.launchBrowser(NewTest.java:12)
at e_commerce_Test.NewTest.launchBrowser(NewTest.java:12)
at e_commerce_Test.NewTest.launchBrowser(NewTest.java:12)
at e_commerce_Test.NewTest.launchBrowser(NewTest.java:12)
at e_commerce_Test.NewTest.launchBrowser(NewTest.java:12)
at e_commerce_Test.NewTest.launchBrowser(NewTest.java:12)
at e_commerce_Test.NewTest.launchBrowser(NewTest.java:12)
at e_commerce_Test.NewTest.launchBrowser(NewTest.java:12)
at e_commerce_Test.NewTest.launchBrowser(NewTest.java:12)
at e_commerce_Test.NewTest.launchBrowser(NewTest.java:12)
at e_commerce_Test.NewTest.launchBrowser(NewTest.java:12)
at e_commerce_Test.NewTest.launchBrowser(NewTest.java:12)
at e_commerce_Test.NewTest.launchBrowser(NewTest.java:12)
at e_commerce_Test.NewTest.launchBrowser(NewTest.java:12)
at e_commerce_Test.NewTest.launchBrowser(NewTest.java:12)
at e_commerce_Test.NewTest.launchBrowser(NewTest.java:12)
at e_commerce_Test.NewTest.launchBrowser(NewTest.java:12)
at e_commerce_Test.NewTest.launchBrowser(NewTest.java:12)
at e_commerce_Test.NewTest.launchBrowser(NewTest.java:12)
at e_commerce_Test.NewTest.launchBrowser(NewTest.java:12)
at e_commerce_Test.NewTest.launchBrowser(NewTest.java:12)
at e_commerce_Test.NewTest.launchBrowser(NewTest.java:12)
at e_commerce_Test.NewTest.launchBrowser(NewTest.java:12)
at e_commerce_Test.NewTest.launchBrowser(NewTest.java:12)
at e_commerce_Test.NewTest.launchBrowser(NewTest.java:12)
at e_commerce_Test.NewTest.launchBrowser(NewTest.java:12)
at e_commerce_Test.NewTest.launchBrowser(NewTest.java:12)
at e_commerce_Test.NewTest.launchBrowser(NewTest.java:12)
at e_commerce_Test.NewTest.launchBrowser(NewTest.java:12)
at e_commerce_Test.NewTest.launchBrowser(NewTest.java:12)
at e_commerce_Test.NewTest.launchBrowser(NewTest.java:12)
at e_commerce_Test.NewTest.launchBrowser(NewTest.java:12)
at e_commerce_Test.NewTest.launchBrowser(NewTest.java:12)
at e_commerce_Test.NewTest.launchBrowser(NewTest.java:12)
at e_commerce_Test.NewTest.launchBrowser(NewTest.java:12)
at e_commerce_Test.NewTest.launchBrowser(NewTest.java:12)
at e_commerce_Test.NewTest.launchBrowser(NewTest.java:12)
at e_commerce_Test.NewTest.launchBrowser(NewTest.java:12)
at e_commerce_Test.NewTest.launchBrowser(NewTest.java:12)
at e_commerce_Test.NewTest.launchBrowser(NewTest.java:12)
at e_commerce_Test.NewTest.launchBrowser(NewTest.java:12)
at e_commerce_Test.NewTest.launchBrowser(NewTest.java:12)
at e_commerce_Test.NewTest.launchBrowser(NewTest.java:12)
at e_commerce_Test.NewTest.launchBrowser(NewTest.java:12)
at e_commerce_Test.NewTest.launchBrowser(NewTest.java:12)
at e_commerce_Test.NewTest.launchBrowser(NewTest.java:12)
at e_commerce_Test.NewTest.launchBrowser(NewTest.java:12)
at e_commerce_Test.NewTest.launchBrowser(NewTest.java:12)
at e_commerce_Test.NewTest.launchBrowser(NewTest.java:12)
at e_commerce_Test.NewTest.launchBrowser(NewTest.java:12)
at e_commerce_Test.NewTest.launchBrowser(NewTest.java:12)
at e_commerce_Test.NewTest.launchBrowser(NewTest.java:12)
at e_commerce_Test.NewTest.launchBrowser(NewTest.java:12)
at e_commerce_Test.NewTest.launchBrowser(NewTest.java:12)
at e_commerce_Test.NewTest.launchBrowser(NewTest.java:12)
at e_commerce_Test.NewTest.launchBrowser(NewTest.java:12)
at e_commerce_Test.NewTest.launchBrowser(NewTest.java:12)
at e_commerce_Test.NewTest.launchBrowser(NewTest.java:12)
at e_commerce_Test.NewTest.launchBrowser(NewTest.java:12)
at e_commerce_Test.NewTest.launchBrowser(NewTest.java:12)
at e_commerce_Test.NewTest.launchBrowser(NewTest.java:12)
at e_commerce_Test.NewTest.launchBrowser(NewTest.java:12)
]]>
    </error>
  </testcase> <!-- launchBrowser -->
  <system-out/>
</testsuite> <!-- e_commerce_Test.NewTest -->
